<?xml version="1.0" encoding="UTF-8"?>
<!-- Generated by org.testng.reporters.JUnitXMLReporter -->
<testsuite hostname="Draxayani-Pc" ignored="0" name="sanity" tests="3" failures="0" timestamp="2020-05-04T22:15:24 IST" time="90.425" errors="0">
  <testcase name="testMethod" time="14.45" classname="AutomationAssign.AutamationProject.Assignment1Test"/>
  <testcase name="testMethod" time="38.885" classname="AutomationAssign.AutamationProject.Assignment2Test"/>
  <testcase name="testMethod" time="6.35" classname="AutomationAssign.AutamationProject.Assignment3Test"/>
</testsuite> <!-- sanity -->
