<?xml version="1.0" encoding="UTF-8"?>
<testng-results skipped="0" failed="0" ignored="0" total="3" passed="3">
  <reporter-output>
  </reporter-output>
  <suite name="sanity" duration-ms="90425" started-at="2020-05-04T22:13:53 IST" finished-at="2020-05-04T22:15:24 IST">
    <groups>
    </groups>
    <test name="sanity" duration-ms="90425" started-at="2020-05-04T22:13:53 IST" finished-at="2020-05-04T22:15:24 IST">
      <class name="AutomationAssign.AutamationProject.Assignment3Test">
        <test-method status="PASS" signature="beforeClass()[pri:0, instance:AutomationAssign.AutamationProject.Assignment3Test@6e6c3152]" name="beforeClass" is-config="true" duration-ms="8393" started-at="2020-05-04T22:15:08 IST" finished-at="2020-05-04T22:15:16 IST">
          <reporter-output>
          </reporter-output>
        </test-method> <!-- beforeClass -->
        <test-method status="PASS" signature="testMethod()[pri:0, instance:AutomationAssign.AutamationProject.Assignment3Test@6e6c3152]" name="testMethod" duration-ms="6350" started-at="2020-05-04T22:15:16 IST" finished-at="2020-05-04T22:15:23 IST">
          <reporter-output>
          </reporter-output>
        </test-method> <!-- testMethod -->
        <test-method status="PASS" signature="afterClass()[pri:0, instance:AutomationAssign.AutamationProject.Assignment3Test@6e6c3152]" name="afterClass" is-config="true" duration-ms="780" started-at="2020-05-04T22:15:23 IST" finished-at="2020-05-04T22:15:24 IST">
          <reporter-output>
          </reporter-output>
        </test-method> <!-- afterClass -->
      </class> <!-- AutomationAssign.AutamationProject.Assignment3Test -->
      <class name="AutomationAssign.AutamationProject.Assignment2Test">
        <test-method status="PASS" signature="beforeClass()[pri:0, instance:AutomationAssign.AutamationProject.Assignment2Test@6ebc05a6]" name="beforeClass" is-config="true" duration-ms="11222" started-at="2020-05-04T22:14:17 IST" finished-at="2020-05-04T22:14:29 IST">
          <reporter-output>
          </reporter-output>
        </test-method> <!-- beforeClass -->
        <test-method status="PASS" signature="testMethod()[pri:0, instance:AutomationAssign.AutamationProject.Assignment2Test@6ebc05a6]" name="testMethod" duration-ms="38885" started-at="2020-05-04T22:14:29 IST" finished-at="2020-05-04T22:15:07 IST">
          <reporter-output>
          </reporter-output>
        </test-method> <!-- testMethod -->
        <test-method status="PASS" signature="afterClass()[pri:0, instance:AutomationAssign.AutamationProject.Assignment2Test@6ebc05a6]" name="afterClass" is-config="true" duration-ms="628" started-at="2020-05-04T22:15:07 IST" finished-at="2020-05-04T22:15:08 IST">
          <reporter-output>
          </reporter-output>
        </test-method> <!-- afterClass -->
      </class> <!-- AutomationAssign.AutamationProject.Assignment2Test -->
      <class name="AutomationAssign.AutamationProject.Assignment1Test">
        <test-method status="PASS" signature="beforeClass()[pri:0, instance:AutomationAssign.AutamationProject.Assignment1Test@1dfe2924]" name="beforeClass" is-config="true" duration-ms="9000" started-at="2020-05-04T22:13:53 IST" finished-at="2020-05-04T22:14:02 IST">
          <reporter-output>
          </reporter-output>
        </test-method> <!-- beforeClass -->
        <test-method status="PASS" signature="testMethod()[pri:0, instance:AutomationAssign.AutamationProject.Assignment1Test@1dfe2924]" name="testMethod" duration-ms="14450" started-at="2020-05-04T22:14:02 IST" finished-at="2020-05-04T22:14:17 IST">
          <reporter-output>
          </reporter-output>
        </test-method> <!-- testMethod -->
        <test-method status="PASS" signature="afterClass()[pri:0, instance:AutomationAssign.AutamationProject.Assignment1Test@1dfe2924]" name="afterClass" is-config="true" duration-ms="617" started-at="2020-05-04T22:14:17 IST" finished-at="2020-05-04T22:14:17 IST">
          <reporter-output>
          </reporter-output>
        </test-method> <!-- afterClass -->
      </class> <!-- AutomationAssign.AutamationProject.Assignment1Test -->
    </test> <!-- sanity -->
  </suite> <!-- sanity -->
</testng-results>
